# 1.0.1
  Added:
    unmsVersionCompliancy
  Fixed:
    Permission check on admin page
    
# 1.0.0
  Live Release

# 1.1.0-alpha
Added:
  Option to set days before invoice due date to process
  Pagination for client management page
  Add ability to disable processing an individual invoice


# 1.0.0-alpha

Live key option

# 0.2.0
Ability to Clear logs
Do not process uncollectible invoices

# 0.1.3

Improved Client display on admin page
Add breaks to case statements on webhook handler

# 0.1.2

Typecast clientId to string